d:\mfc文件\mfcclass5-1\mfcclass5-1\debug\mfcclass5-1.pch
d:\mfc文件\mfcclass5-1\mfcclass5-1\debug\vc142.pdb
d:\mfc文件\mfcclass5-1\mfcclass5-1\debug\vc142.idb
d:\mfc文件\mfcclass5-1\mfcclass5-1\debug\pch.obj
d:\mfc文件\mfcclass5-1\mfcclass5-1\debug\mfcclass5-1view.obj
d:\mfc文件\mfcclass5-1\mfcclass5-1\debug\mfcclass5-1doc.obj
d:\mfc文件\mfcclass5-1\mfcclass5-1\debug\mfcclass5-1.obj
d:\mfc文件\mfcclass5-1\mfcclass5-1\debug\mainfrm.obj
d:\mfc文件\mfcclass5-1 - 副本\mfcclass5-1\debug\mfcclass5-1.pch
d:\mfc文件\mfcclass5-1 - 副本\mfcclass5-1\debug\vc142.pdb
d:\mfc文件\mfcclass5-1 - 副本\mfcclass5-1\debug\vc142.idb
d:\mfc文件\mfcclass5-1 - 副本\mfcclass5-1\debug\pch.obj
d:\mfc文件\mfcclass5-1 - 副本\mfcclass5-1\debug\mfcclass5-1view.obj
d:\mfc文件\mfcclass5-1 - 副本\mfcclass5-1\debug\mfcclass5-1doc.obj
d:\mfc文件\mfcclass5-1 - 副本\mfcclass5-1\debug\mfcclass5-1.obj
d:\mfc文件\mfcclass5-1 - 副本\mfcclass5-1\debug\mainfrm.obj
d:\mfc文件\mfcclass5-1\debug\mfcclass5-1.exe
d:\mfc文件\mfcclass5-1\debug\mfcclass5-1.ilk
d:\mfc文件\mfcclass5-1\debug\mfcclass5-1.pdb
d:\mfc文件\mfcclass5-1 - 副本\debug\mfcclass5-1.exe
d:\mfc文件\mfcclass5-1 - 副本\debug\mfcclass5-1.ilk
d:\mfc文件\mfcclass5-1 - 副本\debug\mfcclass5-1.pdb
d:\mfc文件\mfcclass5-1\mfcclass5-1\debug\mfcclass51.res
d:\mfc文件\mfcclass5-1 - 副本\mfcclass5-1\debug\mfcclass51.res
d:\mfc文件\mfcclass5-1 - 副本\mfcclass5-1\debug\mfcclass5-1.tlog\cl.command.1.tlog
d:\mfc文件\mfcclass5-1 - 副本\mfcclass5-1\debug\mfcclass5-1.tlog\cl.read.1.tlog
d:\mfc文件\mfcclass5-1 - 副本\mfcclass5-1\debug\mfcclass5-1.tlog\cl.write.1.tlog
d:\mfc文件\mfcclass5-1 - 副本\mfcclass5-1\debug\mfcclass5-1.tlog\link.command.1.tlog
d:\mfc文件\mfcclass5-1 - 副本\mfcclass5-1\debug\mfcclass5-1.tlog\link.read.1.tlog
d:\mfc文件\mfcclass5-1 - 副本\mfcclass5-1\debug\mfcclass5-1.tlog\link.write.1.tlog
d:\mfc文件\mfcclass5-1 - 副本\mfcclass5-1\debug\mfcclass5-1.tlog\rc.command.1.tlog
d:\mfc文件\mfcclass5-1 - 副本\mfcclass5-1\debug\mfcclass5-1.tlog\rc.read.1.tlog
d:\mfc文件\mfcclass5-1 - 副本\mfcclass5-1\debug\mfcclass5-1.tlog\rc.write.1.tlog
